21:38:00,995 DEBUG devpinoyLogger:52 - Loding Config File Succesfully
21:38:01,004 DEBUG devpinoyLogger:56 - Loading Object File Succesfully
21:38:02,603 DEBUG devpinoyLogger:62 - Loading Excel File
21:38:05,246 DEBUG RequestAddCookies:122 - CookieSpec selected: best-match
21:38:05,268 DEBUG RequestAuthCache:75 - Auth cache not set in the context
21:38:05,271 DEBUG PoolingHttpClientConnectionManager:219 - Connection request: [route: {}->http://localhost:48351][total kept alive: 0; route allocated: 0 of 2000; total allocated: 0 of 2000]
21:38:05,293 DEBUG PoolingHttpClientConnectionManager:250 - Connection leased: [id: 0][route: {}->http://localhost:48351][total kept alive: 0; route allocated: 1 of 2000; total allocated: 1 of 2000]
21:38:05,296 DEBUG MainClientExec:217 - Opening connection {}->http://localhost:48351
21:38:05,298 DEBUG HttpClientConnectionOperator:122 - Connecting to localhost/127.0.0.1:48351
21:38:05,301 DEBUG HttpClientConnectionOperator:129 - Connection established 127.0.0.1:52437<->127.0.0.1:48351
21:38:05,301 DEBUG MainClientExec:238 - Executing request POST /session HTTP/1.1
21:38:05,302 DEBUG MainClientExec:243 - Target auth state: UNCHALLENGED
21:38:05,303 DEBUG MainClientExec:249 - Proxy auth state: UNCHALLENGED
21:38:05,306 DEBUG headers:124 - http-outgoing-0 >> POST /session HTTP/1.1
21:38:05,307 DEBUG headers:127 - http-outgoing-0 >> Content-Type: application/json; charset=utf-8
21:38:05,307 DEBUG headers:127 - http-outgoing-0 >> Content-Length: 122
21:38:05,308 DEBUG headers:127 - http-outgoing-0 >> Host: localhost:48351
21:38:05,308 DEBUG headers:127 - http-outgoing-0 >> Connection: Keep-Alive
21:38:05,309 DEBUG headers:127 - http-outgoing-0 >> User-Agent: Apache-HttpClient/4.3.6 (java 1.5)
21:38:05,309 DEBUG headers:127 - http-outgoing-0 >> Accept-Encoding: gzip,deflate
21:38:05,310 DEBUG wire:72 - http-outgoing-0 >> "POST /session HTTP/1.1[\r][\n]"
21:38:05,311 DEBUG wire:72 - http-outgoing-0 >> "Content-Type: application/json; charset=utf-8[\r][\n]"
21:38:05,311 DEBUG wire:72 - http-outgoing-0 >> "Content-Length: 122[\r][\n]"
21:38:05,312 DEBUG wire:72 - http-outgoing-0 >> "Host: localhost:48351[\r][\n]"
21:38:05,313 DEBUG wire:72 - http-outgoing-0 >> "Connection: Keep-Alive[\r][\n]"
21:38:05,314 DEBUG wire:72 - http-outgoing-0 >> "User-Agent: Apache-HttpClient/4.3.6 (java 1.5)[\r][\n]"
21:38:05,315 DEBUG wire:72 - http-outgoing-0 >> "Accept-Encoding: gzip,deflate[\r][\n]"
21:38:05,315 DEBUG wire:72 - http-outgoing-0 >> "[\r][\n]"
21:38:05,316 DEBUG wire:86 - http-outgoing-0 >> "{"desiredCapabilities":{"browserName":"chrome","chromeOptions":{"args":[],"extensions":[]},"version":"","platform":"ANY"}}"
21:38:08,933 DEBUG wire:72 - http-outgoing-0 << "HTTP/1.1 200 OK[\r][\n]"
21:38:08,935 DEBUG wire:72 - http-outgoing-0 << "Content-Length:799[\r][\n]"
21:38:08,935 DEBUG wire:72 - http-outgoing-0 << "Content-Type:application/json; charset=utf-8[\r][\n]"
21:38:08,936 DEBUG wire:72 - http-outgoing-0 << "Connection:close[\r][\n]"
21:38:08,937 DEBUG wire:72 - http-outgoing-0 << "[\r][\n]"
21:38:08,937 DEBUG wire:86 - http-outgoing-0 << "{"sessionId":"ab6fc2d68ad89164310cb9400ae12254","status":0,"value":{"acceptSslCerts":true,"applicationCacheEnabled":false,"browserConnectionEnabled":false,"browserName":"chrome","chrome":{"chromedriverVersion":"2.32.498550 (9dec58e66c31bcc53a9ce3c7226f0c1c5810906a)","userDataDir":"C:\\Users\\Ganesh\\AppData\\Local\\Temp\\scoped_dir3068_103"},"cssSelectorsEnabled":true,"databaseEnabled":false,"handlesAlerts":true,"hasTouchScreen":false,"javascriptEnabled":true,"locationContextEnabled":true,"mobileEmulationEnabled":false,"nativeEvents":true,"networkConnectionEnabled":false,"pageLoadStrategy":"normal","platform":"Windows NT","rotatable":false,"setWindowRect":true,"takesHeapSnapshot":true,"takesScreenshot":true,"unexpectedAlertBehaviour":"","version":"60.0.3112.113","webStorageEnabled":true}}"
21:38:08,942 DEBUG headers:113 - http-outgoing-0 << HTTP/1.1 200 OK
21:38:08,942 DEBUG headers:116 - http-outgoing-0 << Content-Length:799
21:38:08,943 DEBUG headers:116 - http-outgoing-0 << Content-Type:application/json; charset=utf-8
21:38:08,943 DEBUG headers:116 - http-outgoing-0 << Connection:close
21:38:08,958 DEBUG DefaultManagedHttpClientConnection:87 - http-outgoing-0: Shutdown connection
21:38:08,958 DEBUG MainClientExec:126 - Connection discarded
21:38:08,959 DEBUG DefaultManagedHttpClientConnection:79 - http-outgoing-0: Close connection
21:38:08,959 DEBUG PoolingHttpClientConnectionManager:287 - Connection released: [id: 0][route: {}->http://localhost:48351][total kept alive: 0; route allocated: 0 of 2000; total allocated: 0 of 2000]
21:38:08,981 DEBUG RequestAddCookies:122 - CookieSpec selected: best-match
21:38:08,982 DEBUG RequestAuthCache:75 - Auth cache not set in the context
21:38:08,982 DEBUG PoolingHttpClientConnectionManager:219 - Connection request: [route: {}->http://localhost:48351][total kept alive: 0; route allocated: 0 of 2000; total allocated: 0 of 2000]
21:38:08,982 DEBUG PoolingHttpClientConnectionManager:250 - Connection leased: [id: 1][route: {}->http://localhost:48351][total kept alive: 0; route allocated: 1 of 2000; total allocated: 1 of 2000]
21:38:08,983 DEBUG MainClientExec:217 - Opening connection {}->http://localhost:48351
21:38:08,988 DEBUG HttpClientConnectionOperator:122 - Connecting to localhost/127.0.0.1:48351
21:38:08,989 DEBUG HttpClientConnectionOperator:129 - Connection established 127.0.0.1:52449<->127.0.0.1:48351
21:38:08,990 DEBUG MainClientExec:238 - Executing request POST /session/ab6fc2d68ad89164310cb9400ae12254/window/current/maximize HTTP/1.1
21:38:08,990 DEBUG MainClientExec:243 - Target auth state: UNCHALLENGED
21:38:08,990 DEBUG MainClientExec:249 - Proxy auth state: UNCHALLENGED
21:38:08,991 DEBUG headers:124 - http-outgoing-1 >> POST /session/ab6fc2d68ad89164310cb9400ae12254/window/current/maximize HTTP/1.1
21:38:08,991 DEBUG headers:127 - http-outgoing-1 >> Content-Type: application/json; charset=utf-8
21:38:08,992 DEBUG headers:127 - http-outgoing-1 >> Content-Length: 26
21:38:08,992 DEBUG headers:127 - http-outgoing-1 >> Host: localhost:48351
21:38:08,992 DEBUG headers:127 - http-outgoing-1 >> Connection: Keep-Alive
21:38:08,993 DEBUG headers:127 - http-outgoing-1 >> User-Agent: Apache-HttpClient/4.3.6 (java 1.5)
21:38:08,994 DEBUG headers:127 - http-outgoing-1 >> Accept-Encoding: gzip,deflate
21:38:08,994 DEBUG wire:72 - http-outgoing-1 >> "POST /session/ab6fc2d68ad89164310cb9400ae12254/window/current/maximize HTTP/1.1[\r][\n]"
21:38:08,994 DEBUG wire:72 - http-outgoing-1 >> "Content-Type: application/json; charset=utf-8[\r][\n]"
21:38:08,995 DEBUG wire:72 - http-outgoing-1 >> "Content-Length: 26[\r][\n]"
21:38:08,995 DEBUG wire:72 - http-outgoing-1 >> "Host: localhost:48351[\r][\n]"
21:38:08,996 DEBUG wire:72 - http-outgoing-1 >> "Connection: Keep-Alive[\r][\n]"
21:38:08,996 DEBUG wire:72 - http-outgoing-1 >> "User-Agent: Apache-HttpClient/4.3.6 (java 1.5)[\r][\n]"
21:38:08,996 DEBUG wire:72 - http-outgoing-1 >> "Accept-Encoding: gzip,deflate[\r][\n]"
21:38:08,997 DEBUG wire:72 - http-outgoing-1 >> "[\r][\n]"
21:38:08,997 DEBUG wire:86 - http-outgoing-1 >> "{"windowHandle":"current"}"
21:38:10,115 DEBUG wire:72 - http-outgoing-1 << "HTTP/1.1 200 OK[\r][\n]"
21:38:10,115 DEBUG wire:72 - http-outgoing-1 << "Content-Length:72[\r][\n]"
21:38:10,115 DEBUG wire:72 - http-outgoing-1 << "Content-Type:application/json; charset=utf-8[\r][\n]"
21:38:10,116 DEBUG wire:72 - http-outgoing-1 << "Connection:close[\r][\n]"
21:38:10,116 DEBUG wire:72 - http-outgoing-1 << "[\r][\n]"
21:38:10,116 DEBUG wire:86 - http-outgoing-1 << "{"sessionId":"ab6fc2d68ad89164310cb9400ae12254","status":0,"value":null}"
21:38:10,117 DEBUG headers:113 - http-outgoing-1 << HTTP/1.1 200 OK
21:38:10,117 DEBUG headers:116 - http-outgoing-1 << Content-Length:72
21:38:10,118 DEBUG headers:116 - http-outgoing-1 << Content-Type:application/json; charset=utf-8
21:38:10,118 DEBUG headers:116 - http-outgoing-1 << Connection:close
21:38:10,118 DEBUG DefaultManagedHttpClientConnection:87 - http-outgoing-1: Shutdown connection
21:38:10,119 DEBUG MainClientExec:126 - Connection discarded
21:38:10,119 DEBUG DefaultManagedHttpClientConnection:79 - http-outgoing-1: Close connection
21:38:10,120 DEBUG PoolingHttpClientConnectionManager:287 - Connection released: [id: 1][route: {}->http://localhost:48351][total kept alive: 0; route allocated: 0 of 2000; total allocated: 0 of 2000]
21:38:12,122 DEBUG RequestAddCookies:122 - CookieSpec selected: best-match
21:38:12,122 DEBUG RequestAuthCache:75 - Auth cache not set in the context
21:38:12,122 DEBUG PoolingHttpClientConnectionManager:219 - Connection request: [route: {}->http://localhost:48351][total kept alive: 0; route allocated: 0 of 2000; total allocated: 0 of 2000]
21:38:12,123 DEBUG PoolingHttpClientConnectionManager:250 - Connection leased: [id: 2][route: {}->http://localhost:48351][total kept alive: 0; route allocated: 1 of 2000; total allocated: 1 of 2000]
21:38:12,123 DEBUG MainClientExec:217 - Opening connection {}->http://localhost:48351
21:38:12,123 DEBUG HttpClientConnectionOperator:122 - Connecting to localhost/127.0.0.1:48351
21:38:12,124 DEBUG HttpClientConnectionOperator:129 - Connection established 127.0.0.1:52456<->127.0.0.1:48351
21:38:12,125 DEBUG MainClientExec:238 - Executing request POST /session/ab6fc2d68ad89164310cb9400ae12254/url HTTP/1.1
21:38:12,125 DEBUG MainClientExec:243 - Target auth state: UNCHALLENGED
21:38:12,125 DEBUG MainClientExec:249 - Proxy auth state: UNCHALLENGED
21:38:12,125 DEBUG headers:124 - http-outgoing-2 >> POST /session/ab6fc2d68ad89164310cb9400ae12254/url HTTP/1.1
21:38:12,126 DEBUG headers:127 - http-outgoing-2 >> Content-Type: application/json; charset=utf-8
21:38:12,126 DEBUG headers:127 - http-outgoing-2 >> Content-Length: 32
21:38:12,126 DEBUG headers:127 - http-outgoing-2 >> Host: localhost:48351
21:38:12,126 DEBUG headers:127 - http-outgoing-2 >> Connection: Keep-Alive
21:38:12,127 DEBUG headers:127 - http-outgoing-2 >> User-Agent: Apache-HttpClient/4.3.6 (java 1.5)
21:38:12,127 DEBUG headers:127 - http-outgoing-2 >> Accept-Encoding: gzip,deflate
21:38:12,127 DEBUG wire:72 - http-outgoing-2 >> "POST /session/ab6fc2d68ad89164310cb9400ae12254/url HTTP/1.1[\r][\n]"
21:38:12,128 DEBUG wire:72 - http-outgoing-2 >> "Content-Type: application/json; charset=utf-8[\r][\n]"
21:38:12,128 DEBUG wire:72 - http-outgoing-2 >> "Content-Length: 32[\r][\n]"
21:38:12,128 DEBUG wire:72 - http-outgoing-2 >> "Host: localhost:48351[\r][\n]"
21:38:12,128 DEBUG wire:72 - http-outgoing-2 >> "Connection: Keep-Alive[\r][\n]"
21:38:12,129 DEBUG wire:72 - http-outgoing-2 >> "User-Agent: Apache-HttpClient/4.3.6 (java 1.5)[\r][\n]"
21:38:12,129 DEBUG wire:72 - http-outgoing-2 >> "Accept-Encoding: gzip,deflate[\r][\n]"
21:38:12,129 DEBUG wire:72 - http-outgoing-2 >> "[\r][\n]"
21:38:12,130 DEBUG wire:86 - http-outgoing-2 >> "{"url":"https://www.google.com"}"
21:38:14,484 DEBUG wire:72 - http-outgoing-2 << "HTTP/1.1 200 OK[\r][\n]"
21:38:14,485 DEBUG wire:72 - http-outgoing-2 << "Content-Length:72[\r][\n]"
21:38:14,485 DEBUG wire:72 - http-outgoing-2 << "Content-Type:application/json; charset=utf-8[\r][\n]"
21:38:14,486 DEBUG wire:72 - http-outgoing-2 << "Connection:close[\r][\n]"
21:38:14,486 DEBUG wire:72 - http-outgoing-2 << "[\r][\n]"
21:38:14,487 DEBUG wire:86 - http-outgoing-2 << "{"sessionId":"ab6fc2d68ad89164310cb9400ae12254","status":0,"value":null}"
21:38:14,488 DEBUG headers:113 - http-outgoing-2 << HTTP/1.1 200 OK
21:38:14,488 DEBUG headers:116 - http-outgoing-2 << Content-Length:72
21:38:14,489 DEBUG headers:116 - http-outgoing-2 << Content-Type:application/json; charset=utf-8
21:38:14,489 DEBUG headers:116 - http-outgoing-2 << Connection:close
21:38:14,490 DEBUG DefaultManagedHttpClientConnection:87 - http-outgoing-2: Shutdown connection
21:38:14,491 DEBUG MainClientExec:126 - Connection discarded
21:38:14,491 DEBUG DefaultManagedHttpClientConnection:79 - http-outgoing-2: Close connection
21:38:14,491 DEBUG PoolingHttpClientConnectionManager:287 - Connection released: [id: 2][route: {}->http://localhost:48351][total kept alive: 0; route allocated: 0 of 2000; total allocated: 0 of 2000]
21:38:14,495 DEBUG RequestAddCookies:122 - CookieSpec selected: best-match
21:38:14,495 DEBUG RequestAuthCache:75 - Auth cache not set in the context
21:38:14,496 DEBUG PoolingHttpClientConnectionManager:219 - Connection request: [route: {}->http://localhost:48351][total kept alive: 0; route allocated: 0 of 2000; total allocated: 0 of 2000]
21:38:14,497 DEBUG PoolingHttpClientConnectionManager:250 - Connection leased: [id: 3][route: {}->http://localhost:48351][total kept alive: 0; route allocated: 1 of 2000; total allocated: 1 of 2000]
21:38:14,497 DEBUG MainClientExec:217 - Opening connection {}->http://localhost:48351
21:38:14,498 DEBUG HttpClientConnectionOperator:122 - Connecting to localhost/127.0.0.1:48351
21:38:14,500 DEBUG HttpClientConnectionOperator:129 - Connection established 127.0.0.1:52467<->127.0.0.1:48351
21:38:14,501 DEBUG MainClientExec:238 - Executing request POST /session/ab6fc2d68ad89164310cb9400ae12254/timeouts/implicit_wait HTTP/1.1
21:38:14,501 DEBUG MainClientExec:243 - Target auth state: UNCHALLENGED
21:38:14,505 DEBUG MainClientExec:249 - Proxy auth state: UNCHALLENGED
21:38:14,506 DEBUG headers:124 - http-outgoing-3 >> POST /session/ab6fc2d68ad89164310cb9400ae12254/timeouts/implicit_wait HTTP/1.1
21:38:14,506 DEBUG headers:127 - http-outgoing-3 >> Content-Type: application/json; charset=utf-8
21:38:14,506 DEBUG headers:127 - http-outgoing-3 >> Content-Length: 12
21:38:14,507 DEBUG headers:127 - http-outgoing-3 >> Host: localhost:48351
21:38:14,507 DEBUG headers:127 - http-outgoing-3 >> Connection: Keep-Alive
21:38:14,507 DEBUG headers:127 - http-outgoing-3 >> User-Agent: Apache-HttpClient/4.3.6 (java 1.5)
21:38:14,508 DEBUG headers:127 - http-outgoing-3 >> Accept-Encoding: gzip,deflate
21:38:14,508 DEBUG wire:72 - http-outgoing-3 >> "POST /session/ab6fc2d68ad89164310cb9400ae12254/timeouts/implicit_wait HTTP/1.1[\r][\n]"
21:38:14,508 DEBUG wire:72 - http-outgoing-3 >> "Content-Type: application/json; charset=utf-8[\r][\n]"
21:38:14,509 DEBUG wire:72 - http-outgoing-3 >> "Content-Length: 12[\r][\n]"
21:38:14,509 DEBUG wire:72 - http-outgoing-3 >> "Host: localhost:48351[\r][\n]"
21:38:14,509 DEBUG wire:72 - http-outgoing-3 >> "Connection: Keep-Alive[\r][\n]"
21:38:14,510 DEBUG wire:72 - http-outgoing-3 >> "User-Agent: Apache-HttpClient/4.3.6 (java 1.5)[\r][\n]"
21:38:14,510 DEBUG wire:72 - http-outgoing-3 >> "Accept-Encoding: gzip,deflate[\r][\n]"
21:38:14,510 DEBUG wire:72 - http-outgoing-3 >> "[\r][\n]"
21:38:14,510 DEBUG wire:86 - http-outgoing-3 >> "{"ms":80000}"
21:38:14,512 DEBUG wire:72 - http-outgoing-3 << "HTTP/1.1 200 OK[\r][\n]"
21:38:14,512 DEBUG wire:72 - http-outgoing-3 << "Content-Length:72[\r][\n]"
21:38:14,512 DEBUG wire:72 - http-outgoing-3 << "Content-Type:application/json; charset=utf-8[\r][\n]"
21:38:14,513 DEBUG wire:72 - http-outgoing-3 << "Connection:close[\r][\n]"
21:38:14,513 DEBUG wire:72 - http-outgoing-3 << "[\r][\n]"
21:38:14,513 DEBUG wire:86 - http-outgoing-3 << "{"sessionId":"ab6fc2d68ad89164310cb9400ae12254","status":0,"value":null}"
21:38:14,513 DEBUG headers:113 - http-outgoing-3 << HTTP/1.1 200 OK
21:38:14,514 DEBUG headers:116 - http-outgoing-3 << Content-Length:72
21:38:14,514 DEBUG headers:116 - http-outgoing-3 << Content-Type:application/json; charset=utf-8
21:38:14,514 DEBUG headers:116 - http-outgoing-3 << Connection:close
21:38:14,515 DEBUG DefaultManagedHttpClientConnection:87 - http-outgoing-3: Shutdown connection
21:38:14,515 DEBUG MainClientExec:126 - Connection discarded
21:38:14,516 DEBUG DefaultManagedHttpClientConnection:79 - http-outgoing-3: Close connection
21:38:14,516 DEBUG PoolingHttpClientConnectionManager:287 - Connection released: [id: 3][route: {}->http://localhost:48351][total kept alive: 0; route allocated: 0 of 2000; total allocated: 0 of 2000]
21:38:14,555 DEBUG RequestAddCookies:122 - CookieSpec selected: best-match
21:38:14,555 DEBUG RequestAuthCache:75 - Auth cache not set in the context
21:38:14,556 DEBUG PoolingHttpClientConnectionManager:219 - Connection request: [route: {}->http://localhost:48351][total kept alive: 0; route allocated: 0 of 2000; total allocated: 0 of 2000]
21:38:14,556 DEBUG PoolingHttpClientConnectionManager:250 - Connection leased: [id: 4][route: {}->http://localhost:48351][total kept alive: 0; route allocated: 1 of 2000; total allocated: 1 of 2000]
21:38:14,556 DEBUG MainClientExec:217 - Opening connection {}->http://localhost:48351
21:38:14,557 DEBUG HttpClientConnectionOperator:122 - Connecting to localhost/127.0.0.1:48351
21:38:14,558 DEBUG HttpClientConnectionOperator:129 - Connection established 127.0.0.1:52468<->127.0.0.1:48351
21:38:14,558 DEBUG MainClientExec:238 - Executing request DELETE /session/ab6fc2d68ad89164310cb9400ae12254/cookie HTTP/1.1
21:38:14,559 DEBUG MainClientExec:243 - Target auth state: UNCHALLENGED
21:38:14,559 DEBUG MainClientExec:249 - Proxy auth state: UNCHALLENGED
21:38:14,559 DEBUG headers:124 - http-outgoing-4 >> DELETE /session/ab6fc2d68ad89164310cb9400ae12254/cookie HTTP/1.1
21:38:14,559 DEBUG headers:127 - http-outgoing-4 >> Host: localhost:48351
21:38:14,560 DEBUG headers:127 - http-outgoing-4 >> Connection: Keep-Alive
21:38:14,560 DEBUG headers:127 - http-outgoing-4 >> User-Agent: Apache-HttpClient/4.3.6 (java 1.5)
21:38:14,560 DEBUG headers:127 - http-outgoing-4 >> Accept-Encoding: gzip,deflate
21:38:14,561 DEBUG wire:72 - http-outgoing-4 >> "DELETE /session/ab6fc2d68ad89164310cb9400ae12254/cookie HTTP/1.1[\r][\n]"
21:38:14,561 DEBUG wire:72 - http-outgoing-4 >> "Host: localhost:48351[\r][\n]"
21:38:14,561 DEBUG wire:72 - http-outgoing-4 >> "Connection: Keep-Alive[\r][\n]"
21:38:14,562 DEBUG wire:72 - http-outgoing-4 >> "User-Agent: Apache-HttpClient/4.3.6 (java 1.5)[\r][\n]"
21:38:14,562 DEBUG wire:72 - http-outgoing-4 >> "Accept-Encoding: gzip,deflate[\r][\n]"
21:38:14,562 DEBUG wire:72 - http-outgoing-4 >> "[\r][\n]"
21:38:14,814 DEBUG wire:72 - http-outgoing-4 << "HTTP/1.1 200 OK[\r][\n]"
21:38:14,814 DEBUG wire:72 - http-outgoing-4 << "Content-Length:72[\r][\n]"
21:38:14,815 DEBUG wire:72 - http-outgoing-4 << "Content-Type:application/json; charset=utf-8[\r][\n]"
21:38:14,815 DEBUG wire:72 - http-outgoing-4 << "Connection:close[\r][\n]"
21:38:14,816 DEBUG wire:72 - http-outgoing-4 << "[\r][\n]"
21:38:14,816 DEBUG wire:86 - http-outgoing-4 << "{"sessionId":"ab6fc2d68ad89164310cb9400ae12254","status":0,"value":null}"
21:38:14,817 DEBUG headers:113 - http-outgoing-4 << HTTP/1.1 200 OK
21:38:14,817 DEBUG headers:116 - http-outgoing-4 << Content-Length:72
21:38:14,818 DEBUG headers:116 - http-outgoing-4 << Content-Type:application/json; charset=utf-8
21:38:14,819 DEBUG headers:116 - http-outgoing-4 << Connection:close
21:38:14,824 DEBUG DefaultManagedHttpClientConnection:87 - http-outgoing-4: Shutdown connection
21:38:14,825 DEBUG MainClientExec:126 - Connection discarded
21:38:14,826 DEBUG DefaultManagedHttpClientConnection:79 - http-outgoing-4: Close connection
21:38:14,826 DEBUG PoolingHttpClientConnectionManager:287 - Connection released: [id: 4][route: {}->http://localhost:48351][total kept alive: 0; route allocated: 0 of 2000; total allocated: 0 of 2000]
21:38:14,829 DEBUG RequestAddCookies:122 - CookieSpec selected: best-match
21:38:14,830 DEBUG RequestAuthCache:75 - Auth cache not set in the context
21:38:14,830 DEBUG PoolingHttpClientConnectionManager:219 - Connection request: [route: {}->http://localhost:48351][total kept alive: 0; route allocated: 0 of 2000; total allocated: 0 of 2000]
21:38:14,830 DEBUG PoolingHttpClientConnectionManager:250 - Connection leased: [id: 5][route: {}->http://localhost:48351][total kept alive: 0; route allocated: 1 of 2000; total allocated: 1 of 2000]
21:38:14,831 DEBUG MainClientExec:217 - Opening connection {}->http://localhost:48351
21:38:14,831 DEBUG HttpClientConnectionOperator:122 - Connecting to localhost/127.0.0.1:48351
21:38:14,832 DEBUG HttpClientConnectionOperator:129 - Connection established 127.0.0.1:52469<->127.0.0.1:48351
21:38:14,832 DEBUG MainClientExec:238 - Executing request POST /session/ab6fc2d68ad89164310cb9400ae12254/url HTTP/1.1
21:38:14,833 DEBUG MainClientExec:243 - Target auth state: UNCHALLENGED
21:38:14,833 DEBUG MainClientExec:249 - Proxy auth state: UNCHALLENGED
21:38:14,833 DEBUG headers:124 - http-outgoing-5 >> POST /session/ab6fc2d68ad89164310cb9400ae12254/url HTTP/1.1
21:38:14,834 DEBUG headers:127 - http-outgoing-5 >> Content-Type: application/json; charset=utf-8
21:38:14,834 DEBUG headers:127 - http-outgoing-5 >> Content-Length: 49
21:38:14,835 DEBUG headers:127 - http-outgoing-5 >> Host: localhost:48351
21:38:14,835 DEBUG headers:127 - http-outgoing-5 >> Connection: Keep-Alive
21:38:14,836 DEBUG headers:127 - http-outgoing-5 >> User-Agent: Apache-HttpClient/4.3.6 (java 1.5)
21:38:14,836 DEBUG headers:127 - http-outgoing-5 >> Accept-Encoding: gzip,deflate
21:38:14,836 DEBUG wire:72 - http-outgoing-5 >> "POST /session/ab6fc2d68ad89164310cb9400ae12254/url HTTP/1.1[\r][\n]"
21:38:14,837 DEBUG wire:72 - http-outgoing-5 >> "Content-Type: application/json; charset=utf-8[\r][\n]"
21:38:14,837 DEBUG wire:72 - http-outgoing-5 >> "Content-Length: 49[\r][\n]"
21:38:14,838 DEBUG wire:72 - http-outgoing-5 >> "Host: localhost:48351[\r][\n]"
21:38:14,838 DEBUG wire:72 - http-outgoing-5 >> "Connection: Keep-Alive[\r][\n]"
21:38:14,838 DEBUG wire:72 - http-outgoing-5 >> "User-Agent: Apache-HttpClient/4.3.6 (java 1.5)[\r][\n]"
21:38:14,839 DEBUG wire:72 - http-outgoing-5 >> "Accept-Encoding: gzip,deflate[\r][\n]"
21:38:14,839 DEBUG wire:72 - http-outgoing-5 >> "[\r][\n]"
21:38:14,839 DEBUG wire:86 - http-outgoing-5 >> "{"url":"https://mail.google.com/mail/u/0/#inbox"}"
21:38:16,969 DEBUG wire:72 - http-outgoing-5 << "HTTP/1.1 200 OK[\r][\n]"
21:38:16,969 DEBUG wire:72 - http-outgoing-5 << "Content-Length:72[\r][\n]"
21:38:16,970 DEBUG wire:72 - http-outgoing-5 << "Content-Type:application/json; charset=utf-8[\r][\n]"
21:38:16,970 DEBUG wire:72 - http-outgoing-5 << "Connection:close[\r][\n]"
21:38:16,970 DEBUG wire:72 - http-outgoing-5 << "[\r][\n]"
21:38:16,971 DEBUG wire:86 - http-outgoing-5 << "{"sessionId":"ab6fc2d68ad89164310cb9400ae12254","status":0,"value":null}"
21:38:16,971 DEBUG headers:113 - http-outgoing-5 << HTTP/1.1 200 OK
21:38:16,971 DEBUG headers:116 - http-outgoing-5 << Content-Length:72
21:38:16,972 DEBUG headers:116 - http-outgoing-5 << Content-Type:application/json; charset=utf-8
21:38:16,972 DEBUG headers:116 - http-outgoing-5 << Connection:close
21:38:16,973 DEBUG DefaultManagedHttpClientConnection:87 - http-outgoing-5: Shutdown connection
21:38:16,974 DEBUG MainClientExec:126 - Connection discarded
21:38:16,975 DEBUG DefaultManagedHttpClientConnection:79 - http-outgoing-5: Close connection
21:38:16,975 DEBUG PoolingHttpClientConnectionManager:287 - Connection released: [id: 5][route: {}->http://localhost:48351][total kept alive: 0; route allocated: 0 of 2000; total allocated: 0 of 2000]
21:38:16,981 DEBUG RequestAddCookies:122 - CookieSpec selected: best-match
21:38:16,981 DEBUG RequestAuthCache:75 - Auth cache not set in the context
21:38:16,982 DEBUG PoolingHttpClientConnectionManager:219 - Connection request: [route: {}->http://localhost:48351][total kept alive: 0; route allocated: 0 of 2000; total allocated: 0 of 2000]
21:38:16,982 DEBUG PoolingHttpClientConnectionManager:250 - Connection leased: [id: 6][route: {}->http://localhost:48351][total kept alive: 0; route allocated: 1 of 2000; total allocated: 1 of 2000]
21:38:16,982 DEBUG MainClientExec:217 - Opening connection {}->http://localhost:48351
21:38:16,983 DEBUG HttpClientConnectionOperator:122 - Connecting to localhost/127.0.0.1:48351
21:38:16,984 DEBUG HttpClientConnectionOperator:129 - Connection established 127.0.0.1:52484<->127.0.0.1:48351
21:38:16,984 DEBUG MainClientExec:238 - Executing request POST /session/ab6fc2d68ad89164310cb9400ae12254/element HTTP/1.1
21:38:16,984 DEBUG MainClientExec:243 - Target auth state: UNCHALLENGED
21:38:16,985 DEBUG MainClientExec:249 - Proxy auth state: UNCHALLENGED
21:38:16,985 DEBUG headers:124 - http-outgoing-6 >> POST /session/ab6fc2d68ad89164310cb9400ae12254/element HTTP/1.1
21:38:16,986 DEBUG headers:127 - http-outgoing-6 >> Content-Type: application/json; charset=utf-8
21:38:16,986 DEBUG headers:127 - http-outgoing-6 >> Content-Length: 66
21:38:16,986 DEBUG headers:127 - http-outgoing-6 >> Host: localhost:48351
21:38:16,987 DEBUG headers:127 - http-outgoing-6 >> Connection: Keep-Alive
21:38:16,987 DEBUG headers:127 - http-outgoing-6 >> User-Agent: Apache-HttpClient/4.3.6 (java 1.5)
21:38:16,987 DEBUG headers:127 - http-outgoing-6 >> Accept-Encoding: gzip,deflate
21:38:16,988 DEBUG wire:72 - http-outgoing-6 >> "POST /session/ab6fc2d68ad89164310cb9400ae12254/element HTTP/1.1[\r][\n]"
21:38:16,988 DEBUG wire:72 - http-outgoing-6 >> "Content-Type: application/json; charset=utf-8[\r][\n]"
21:38:16,988 DEBUG wire:72 - http-outgoing-6 >> "Content-Length: 66[\r][\n]"
21:38:16,989 DEBUG wire:72 - http-outgoing-6 >> "Host: localhost:48351[\r][\n]"
21:38:16,989 DEBUG wire:72 - http-outgoing-6 >> "Connection: Keep-Alive[\r][\n]"
21:38:16,989 DEBUG wire:72 - http-outgoing-6 >> "User-Agent: Apache-HttpClient/4.3.6 (java 1.5)[\r][\n]"
21:38:16,990 DEBUG wire:72 - http-outgoing-6 >> "Accept-Encoding: gzip,deflate[\r][\n]"
21:38:16,990 DEBUG wire:72 - http-outgoing-6 >> "[\r][\n]"
21:38:16,990 DEBUG wire:86 - http-outgoing-6 >> "{"using":"xpath","value":"//*[@id\u003d\u0027identifierId\u0027]"}"
21:38:17,042 DEBUG wire:72 - http-outgoing-6 << "HTTP/1.1 200 OK[\r][\n]"
21:38:17,043 DEBUG wire:72 - http-outgoing-6 << "Content-Length:104[\r][\n]"
21:38:17,046 DEBUG wire:72 - http-outgoing-6 << "Content-Type:application/json; charset=utf-8[\r][\n]"
21:38:17,046 DEBUG wire:72 - http-outgoing-6 << "Connection:close[\r][\n]"
21:38:17,046 DEBUG wire:72 - http-outgoing-6 << "[\r][\n]"
21:38:17,047 DEBUG wire:86 - http-outgoing-6 << "{"sessionId":"ab6fc2d68ad89164310cb9400ae12254","status":0,"value":{"ELEMENT":"0.013481153170094462-1"}}"
21:38:17,047 DEBUG headers:113 - http-outgoing-6 << HTTP/1.1 200 OK
21:38:17,048 DEBUG headers:116 - http-outgoing-6 << Content-Length:104
21:38:17,048 DEBUG headers:116 - http-outgoing-6 << Content-Type:application/json; charset=utf-8
21:38:17,048 DEBUG headers:116 - http-outgoing-6 << Connection:close
21:38:17,049 DEBUG DefaultManagedHttpClientConnection:87 - http-outgoing-6: Shutdown connection
21:38:17,049 DEBUG MainClientExec:126 - Connection discarded
21:38:17,049 DEBUG DefaultManagedHttpClientConnection:79 - http-outgoing-6: Close connection
21:38:17,050 DEBUG PoolingHttpClientConnectionManager:287 - Connection released: [id: 6][route: {}->http://localhost:48351][total kept alive: 0; route allocated: 0 of 2000; total allocated: 0 of 2000]
21:38:17,055 DEBUG RequestAddCookies:122 - CookieSpec selected: best-match
21:38:17,055 DEBUG RequestAuthCache:75 - Auth cache not set in the context
21:38:17,056 DEBUG PoolingHttpClientConnectionManager:219 - Connection request: [route: {}->http://localhost:48351][total kept alive: 0; route allocated: 0 of 2000; total allocated: 0 of 2000]
21:38:17,056 DEBUG PoolingHttpClientConnectionManager:250 - Connection leased: [id: 7][route: {}->http://localhost:48351][total kept alive: 0; route allocated: 1 of 2000; total allocated: 1 of 2000]
21:38:17,057 DEBUG MainClientExec:217 - Opening connection {}->http://localhost:48351
21:38:17,057 DEBUG HttpClientConnectionOperator:122 - Connecting to localhost/127.0.0.1:48351
21:38:17,058 DEBUG HttpClientConnectionOperator:129 - Connection established 127.0.0.1:52485<->127.0.0.1:48351
21:38:17,058 DEBUG MainClientExec:238 - Executing request POST /session/ab6fc2d68ad89164310cb9400ae12254/element/0.013481153170094462-1/value HTTP/1.1
21:38:17,059 DEBUG MainClientExec:243 - Target auth state: UNCHALLENGED
21:38:17,059 DEBUG MainClientExec:249 - Proxy auth state: UNCHALLENGED
21:38:17,059 DEBUG headers:124 - http-outgoing-7 >> POST /session/ab6fc2d68ad89164310cb9400ae12254/element/0.013481153170094462-1/value HTTP/1.1
21:38:17,060 DEBUG headers:127 - http-outgoing-7 >> Content-Type: application/json; charset=utf-8
21:38:17,060 DEBUG headers:127 - http-outgoing-7 >> Content-Length: 68
21:38:17,060 DEBUG headers:127 - http-outgoing-7 >> Host: localhost:48351
21:38:17,060 DEBUG headers:127 - http-outgoing-7 >> Connection: Keep-Alive
21:38:17,061 DEBUG headers:127 - http-outgoing-7 >> User-Agent: Apache-HttpClient/4.3.6 (java 1.5)
21:38:17,061 DEBUG headers:127 - http-outgoing-7 >> Accept-Encoding: gzip,deflate
21:38:17,061 DEBUG wire:72 - http-outgoing-7 >> "POST /session/ab6fc2d68ad89164310cb9400ae12254/element/0.013481153170094462-1/value HTTP/1.1[\r][\n]"
21:38:17,062 DEBUG wire:72 - http-outgoing-7 >> "Content-Type: application/json; charset=utf-8[\r][\n]"
21:38:17,062 DEBUG wire:72 - http-outgoing-7 >> "Content-Length: 68[\r][\n]"
21:38:17,062 DEBUG wire:72 - http-outgoing-7 >> "Host: localhost:48351[\r][\n]"
21:38:17,063 DEBUG wire:72 - http-outgoing-7 >> "Connection: Keep-Alive[\r][\n]"
21:38:17,063 DEBUG wire:72 - http-outgoing-7 >> "User-Agent: Apache-HttpClient/4.3.6 (java 1.5)[\r][\n]"
21:38:17,063 DEBUG wire:72 - http-outgoing-7 >> "Accept-Encoding: gzip,deflate[\r][\n]"
21:38:17,064 DEBUG wire:72 - http-outgoing-7 >> "[\r][\n]"
21:38:17,064 DEBUG wire:86 - http-outgoing-7 >> "{"id":"0.013481153170094462-1","value":["ganeshpawale47@gmail.com"]}"
21:38:17,450 DEBUG wire:72 - http-outgoing-7 << "HTTP/1.1 200 OK[\r][\n]"
21:38:17,451 DEBUG wire:72 - http-outgoing-7 << "Content-Length:72[\r][\n]"
21:38:17,451 DEBUG wire:72 - http-outgoing-7 << "Content-Type:application/json; charset=utf-8[\r][\n]"
21:38:17,452 DEBUG wire:72 - http-outgoing-7 << "Connection:close[\r][\n]"
21:38:17,452 DEBUG wire:72 - http-outgoing-7 << "[\r][\n]"
21:38:17,453 DEBUG wire:86 - http-outgoing-7 << "{"sessionId":"ab6fc2d68ad89164310cb9400ae12254","status":0,"value":null}"
21:38:17,453 DEBUG headers:113 - http-outgoing-7 << HTTP/1.1 200 OK
21:38:17,453 DEBUG headers:116 - http-outgoing-7 << Content-Length:72
21:38:17,454 DEBUG headers:116 - http-outgoing-7 << Content-Type:application/json; charset=utf-8
21:38:17,454 DEBUG headers:116 - http-outgoing-7 << Connection:close
21:38:17,455 DEBUG DefaultManagedHttpClientConnection:87 - http-outgoing-7: Shutdown connection
21:38:17,456 DEBUG MainClientExec:126 - Connection discarded
21:38:17,456 DEBUG DefaultManagedHttpClientConnection:79 - http-outgoing-7: Close connection
21:38:17,457 DEBUG PoolingHttpClientConnectionManager:287 - Connection released: [id: 7][route: {}->http://localhost:48351][total kept alive: 0; route allocated: 0 of 2000; total allocated: 0 of 2000]
21:38:17,459 DEBUG RequestAddCookies:122 - CookieSpec selected: best-match
21:38:17,459 DEBUG RequestAuthCache:75 - Auth cache not set in the context
21:38:17,459 DEBUG PoolingHttpClientConnectionManager:219 - Connection request: [route: {}->http://localhost:48351][total kept alive: 0; route allocated: 0 of 2000; total allocated: 0 of 2000]
21:38:17,460 DEBUG PoolingHttpClientConnectionManager:250 - Connection leased: [id: 8][route: {}->http://localhost:48351][total kept alive: 0; route allocated: 1 of 2000; total allocated: 1 of 2000]
21:38:17,460 DEBUG MainClientExec:217 - Opening connection {}->http://localhost:48351
21:38:17,461 DEBUG HttpClientConnectionOperator:122 - Connecting to localhost/127.0.0.1:48351
21:38:17,462 DEBUG HttpClientConnectionOperator:129 - Connection established 127.0.0.1:52486<->127.0.0.1:48351
21:38:17,462 DEBUG MainClientExec:238 - Executing request POST /session/ab6fc2d68ad89164310cb9400ae12254/element HTTP/1.1
21:38:17,462 DEBUG MainClientExec:243 - Target auth state: UNCHALLENGED
21:38:17,463 DEBUG MainClientExec:249 - Proxy auth state: UNCHALLENGED
21:38:17,463 DEBUG headers:124 - http-outgoing-8 >> POST /session/ab6fc2d68ad89164310cb9400ae12254/element HTTP/1.1
21:38:17,463 DEBUG headers:127 - http-outgoing-8 >> Content-Type: application/json; charset=utf-8
21:38:17,464 DEBUG headers:127 - http-outgoing-8 >> Content-Length: 77
21:38:17,464 DEBUG headers:127 - http-outgoing-8 >> Host: localhost:48351
21:38:17,464 DEBUG headers:127 - http-outgoing-8 >> Connection: Keep-Alive
21:38:17,465 DEBUG headers:127 - http-outgoing-8 >> User-Agent: Apache-HttpClient/4.3.6 (java 1.5)
21:38:17,465 DEBUG headers:127 - http-outgoing-8 >> Accept-Encoding: gzip,deflate
21:38:17,466 DEBUG wire:72 - http-outgoing-8 >> "POST /session/ab6fc2d68ad89164310cb9400ae12254/element HTTP/1.1[\r][\n]"
21:38:17,466 DEBUG wire:72 - http-outgoing-8 >> "Content-Type: application/json; charset=utf-8[\r][\n]"
21:38:17,466 DEBUG wire:72 - http-outgoing-8 >> "Content-Length: 77[\r][\n]"
21:38:17,469 DEBUG wire:72 - http-outgoing-8 >> "Host: localhost:48351[\r][\n]"
21:38:17,470 DEBUG wire:72 - http-outgoing-8 >> "Connection: Keep-Alive[\r][\n]"
21:38:17,470 DEBUG wire:72 - http-outgoing-8 >> "User-Agent: Apache-HttpClient/4.3.6 (java 1.5)[\r][\n]"
21:38:17,470 DEBUG wire:72 - http-outgoing-8 >> "Accept-Encoding: gzip,deflate[\r][\n]"
21:38:17,471 DEBUG wire:72 - http-outgoing-8 >> "[\r][\n]"
21:38:17,471 DEBUG wire:86 - http-outgoing-8 >> "{"using":"css selector","value":"#identifierNext \u003e content \u003e span"}"
21:38:17,511 DEBUG wire:72 - http-outgoing-8 << "HTTP/1.1 200 OK[\r][\n]"
21:38:17,512 DEBUG wire:72 - http-outgoing-8 << "Content-Length:104[\r][\n]"
21:38:17,512 DEBUG wire:72 - http-outgoing-8 << "Content-Type:application/json; charset=utf-8[\r][\n]"
21:38:17,512 DEBUG wire:72 - http-outgoing-8 << "Connection:close[\r][\n]"
21:38:17,513 DEBUG wire:72 - http-outgoing-8 << "[\r][\n]"
21:38:17,513 DEBUG wire:86 - http-outgoing-8 << "{"sessionId":"ab6fc2d68ad89164310cb9400ae12254","status":0,"value":{"ELEMENT":"0.013481153170094462-2"}}"
21:38:17,514 DEBUG headers:113 - http-outgoing-8 << HTTP/1.1 200 OK
21:38:17,515 DEBUG headers:116 - http-outgoing-8 << Content-Length:104
21:38:17,515 DEBUG headers:116 - http-outgoing-8 << Content-Type:application/json; charset=utf-8
21:38:17,516 DEBUG headers:116 - http-outgoing-8 << Connection:close
21:38:17,516 DEBUG DefaultManagedHttpClientConnection:87 - http-outgoing-8: Shutdown connection
21:38:17,517 DEBUG MainClientExec:126 - Connection discarded
21:38:17,517 DEBUG DefaultManagedHttpClientConnection:79 - http-outgoing-8: Close connection
21:38:17,517 DEBUG PoolingHttpClientConnectionManager:287 - Connection released: [id: 8][route: {}->http://localhost:48351][total kept alive: 0; route allocated: 0 of 2000; total allocated: 0 of 2000]
21:38:17,520 DEBUG RequestAddCookies:122 - CookieSpec selected: best-match
21:38:17,520 DEBUG RequestAuthCache:75 - Auth cache not set in the context
21:38:17,520 DEBUG PoolingHttpClientConnectionManager:219 - Connection request: [route: {}->http://localhost:48351][total kept alive: 0; route allocated: 0 of 2000; total allocated: 0 of 2000]
21:38:17,521 DEBUG PoolingHttpClientConnectionManager:250 - Connection leased: [id: 9][route: {}->http://localhost:48351][total kept alive: 0; route allocated: 1 of 2000; total allocated: 1 of 2000]
21:38:17,521 DEBUG MainClientExec:217 - Opening connection {}->http://localhost:48351
21:38:17,522 DEBUG HttpClientConnectionOperator:122 - Connecting to localhost/127.0.0.1:48351
21:38:17,523 DEBUG HttpClientConnectionOperator:129 - Connection established 127.0.0.1:52487<->127.0.0.1:48351
21:38:17,524 DEBUG MainClientExec:238 - Executing request POST /session/ab6fc2d68ad89164310cb9400ae12254/element/0.013481153170094462-2/click HTTP/1.1
21:38:17,524 DEBUG MainClientExec:243 - Target auth state: UNCHALLENGED
21:38:17,524 DEBUG MainClientExec:249 - Proxy auth state: UNCHALLENGED
21:38:17,525 DEBUG headers:124 - http-outgoing-9 >> POST /session/ab6fc2d68ad89164310cb9400ae12254/element/0.013481153170094462-2/click HTTP/1.1
21:38:17,525 DEBUG headers:127 - http-outgoing-9 >> Content-Type: application/json; charset=utf-8
21:38:17,525 DEBUG headers:127 - http-outgoing-9 >> Content-Length: 31
21:38:17,526 DEBUG headers:127 - http-outgoing-9 >> Host: localhost:48351
21:38:17,526 DEBUG headers:127 - http-outgoing-9 >> Connection: Keep-Alive
21:38:17,526 DEBUG headers:127 - http-outgoing-9 >> User-Agent: Apache-HttpClient/4.3.6 (java 1.5)
21:38:17,526 DEBUG headers:127 - http-outgoing-9 >> Accept-Encoding: gzip,deflate
21:38:17,527 DEBUG wire:72 - http-outgoing-9 >> "POST /session/ab6fc2d68ad89164310cb9400ae12254/element/0.013481153170094462-2/click HTTP/1.1[\r][\n]"
21:38:17,527 DEBUG wire:72 - http-outgoing-9 >> "Content-Type: application/json; charset=utf-8[\r][\n]"
21:38:17,527 DEBUG wire:72 - http-outgoing-9 >> "Content-Length: 31[\r][\n]"
21:38:17,528 DEBUG wire:72 - http-outgoing-9 >> "Host: localhost:48351[\r][\n]"
21:38:17,529 DEBUG wire:72 - http-outgoing-9 >> "Connection: Keep-Alive[\r][\n]"
21:38:17,529 DEBUG wire:72 - http-outgoing-9 >> "User-Agent: Apache-HttpClient/4.3.6 (java 1.5)[\r][\n]"
21:38:17,530 DEBUG wire:72 - http-outgoing-9 >> "Accept-Encoding: gzip,deflate[\r][\n]"
21:38:17,530 DEBUG wire:72 - http-outgoing-9 >> "[\r][\n]"
21:38:17,530 DEBUG wire:86 - http-outgoing-9 >> "{"id":"0.013481153170094462-2"}"
21:38:17,818 DEBUG wire:72 - http-outgoing-9 << "HTTP/1.1 200 OK[\r][\n]"
21:38:17,818 DEBUG wire:72 - http-outgoing-9 << "Content-Length:72[\r][\n]"
21:38:17,819 DEBUG wire:72 - http-outgoing-9 << "Content-Type:application/json; charset=utf-8[\r][\n]"
21:38:17,819 DEBUG wire:72 - http-outgoing-9 << "Connection:close[\r][\n]"
21:38:17,819 DEBUG wire:72 - http-outgoing-9 << "[\r][\n]"
21:38:17,820 DEBUG wire:86 - http-outgoing-9 << "{"sessionId":"ab6fc2d68ad89164310cb9400ae12254","status":0,"value":null}"
21:38:17,820 DEBUG headers:113 - http-outgoing-9 << HTTP/1.1 200 OK
21:38:17,820 DEBUG headers:116 - http-outgoing-9 << Content-Length:72
21:38:17,821 DEBUG headers:116 - http-outgoing-9 << Content-Type:application/json; charset=utf-8
21:38:17,822 DEBUG headers:116 - http-outgoing-9 << Connection:close
21:38:17,823 DEBUG DefaultManagedHttpClientConnection:87 - http-outgoing-9: Shutdown connection
21:38:17,823 DEBUG MainClientExec:126 - Connection discarded
21:38:17,824 DEBUG DefaultManagedHttpClientConnection:79 - http-outgoing-9: Close connection
21:38:17,824 DEBUG PoolingHttpClientConnectionManager:287 - Connection released: [id: 9][route: {}->http://localhost:48351][total kept alive: 0; route allocated: 0 of 2000; total allocated: 0 of 2000]
21:38:17,826 DEBUG RequestAddCookies:122 - CookieSpec selected: best-match
21:38:17,827 DEBUG RequestAuthCache:75 - Auth cache not set in the context
21:38:17,827 DEBUG PoolingHttpClientConnectionManager:219 - Connection request: [route: {}->http://localhost:48351][total kept alive: 0; route allocated: 0 of 2000; total allocated: 0 of 2000]
21:38:17,828 DEBUG PoolingHttpClientConnectionManager:250 - Connection leased: [id: 10][route: {}->http://localhost:48351][total kept alive: 0; route allocated: 1 of 2000; total allocated: 1 of 2000]
21:38:17,828 DEBUG MainClientExec:217 - Opening connection {}->http://localhost:48351
21:38:17,829 DEBUG HttpClientConnectionOperator:122 - Connecting to localhost/127.0.0.1:48351
21:38:17,830 DEBUG HttpClientConnectionOperator:129 - Connection established 127.0.0.1:52488<->127.0.0.1:48351
21:38:17,830 DEBUG MainClientExec:238 - Executing request POST /session/ab6fc2d68ad89164310cb9400ae12254/element HTTP/1.1
21:38:17,831 DEBUG MainClientExec:243 - Target auth state: UNCHALLENGED
21:38:17,831 DEBUG MainClientExec:249 - Proxy auth state: UNCHALLENGED
21:38:17,832 DEBUG headers:124 - http-outgoing-10 >> POST /session/ab6fc2d68ad89164310cb9400ae12254/element HTTP/1.1
21:38:17,832 DEBUG headers:127 - http-outgoing-10 >> Content-Type: application/json; charset=utf-8
21:38:17,833 DEBUG headers:127 - http-outgoing-10 >> Content-Length: 86
21:38:17,833 DEBUG headers:127 - http-outgoing-10 >> Host: localhost:48351
21:38:17,836 DEBUG headers:127 - http-outgoing-10 >> Connection: Keep-Alive
21:38:17,837 DEBUG headers:127 - http-outgoing-10 >> User-Agent: Apache-HttpClient/4.3.6 (java 1.5)
21:38:17,837 DEBUG headers:127 - http-outgoing-10 >> Accept-Encoding: gzip,deflate
21:38:17,838 DEBUG wire:72 - http-outgoing-10 >> "POST /session/ab6fc2d68ad89164310cb9400ae12254/element HTTP/1.1[\r][\n]"
21:38:17,838 DEBUG wire:72 - http-outgoing-10 >> "Content-Type: application/json; charset=utf-8[\r][\n]"
21:38:17,839 DEBUG wire:72 - http-outgoing-10 >> "Content-Length: 86[\r][\n]"
21:38:17,839 DEBUG wire:72 - http-outgoing-10 >> "Host: localhost:48351[\r][\n]"
21:38:17,840 DEBUG wire:72 - http-outgoing-10 >> "Connection: Keep-Alive[\r][\n]"
21:38:17,840 DEBUG wire:72 - http-outgoing-10 >> "User-Agent: Apache-HttpClient/4.3.6 (java 1.5)[\r][\n]"
21:38:17,840 DEBUG wire:72 - http-outgoing-10 >> "Accept-Encoding: gzip,deflate[\r][\n]"
21:38:17,841 DEBUG wire:72 - http-outgoing-10 >> "[\r][\n]"
21:38:17,841 DEBUG wire:86 - http-outgoing-10 >> "{"using":"xpath","value":"//*[@id\u003d\u0027password\u0027]/div[1]/div/div[1]/input"}"
21:38:18,140 DEBUG wire:72 - http-outgoing-10 << "HTTP/1.1 200 OK[\r][\n]"
21:38:18,141 DEBUG wire:72 - http-outgoing-10 << "Content-Length:104[\r][\n]"
21:38:18,142 DEBUG wire:72 - http-outgoing-10 << "Content-Type:application/json; charset=utf-8[\r][\n]"
21:38:18,142 DEBUG wire:72 - http-outgoing-10 << "Connection:close[\r][\n]"
21:38:18,143 DEBUG wire:72 - http-outgoing-10 << "[\r][\n]"
21:38:18,143 DEBUG wire:86 - http-outgoing-10 << "{"sessionId":"ab6fc2d68ad89164310cb9400ae12254","status":0,"value":{"ELEMENT":"0.013481153170094462-3"}}"
21:38:18,144 DEBUG headers:113 - http-outgoing-10 << HTTP/1.1 200 OK
21:38:18,144 DEBUG headers:116 - http-outgoing-10 << Content-Length:104
21:38:18,144 DEBUG headers:116 - http-outgoing-10 << Content-Type:application/json; charset=utf-8
21:38:18,145 DEBUG headers:116 - http-outgoing-10 << Connection:close
21:38:18,145 DEBUG DefaultManagedHttpClientConnection:87 - http-outgoing-10: Shutdown connection
21:38:18,146 DEBUG MainClientExec:126 - Connection discarded
21:38:18,146 DEBUG DefaultManagedHttpClientConnection:79 - http-outgoing-10: Close connection
21:38:18,147 DEBUG PoolingHttpClientConnectionManager:287 - Connection released: [id: 10][route: {}->http://localhost:48351][total kept alive: 0; route allocated: 0 of 2000; total allocated: 0 of 2000]
21:38:18,149 DEBUG RequestAddCookies:122 - CookieSpec selected: best-match
21:38:18,150 DEBUG RequestAuthCache:75 - Auth cache not set in the context
21:38:18,150 DEBUG PoolingHttpClientConnectionManager:219 - Connection request: [route: {}->http://localhost:48351][total kept alive: 0; route allocated: 0 of 2000; total allocated: 0 of 2000]
21:38:18,151 DEBUG PoolingHttpClientConnectionManager:250 - Connection leased: [id: 11][route: {}->http://localhost:48351][total kept alive: 0; route allocated: 1 of 2000; total allocated: 1 of 2000]
21:38:18,151 DEBUG MainClientExec:217 - Opening connection {}->http://localhost:48351
21:38:18,152 DEBUG HttpClientConnectionOperator:122 - Connecting to localhost/127.0.0.1:48351
21:38:18,153 DEBUG HttpClientConnectionOperator:129 - Connection established 127.0.0.1:52490<->127.0.0.1:48351
21:38:18,153 DEBUG MainClientExec:238 - Executing request POST /session/ab6fc2d68ad89164310cb9400ae12254/element/0.013481153170094462-3/value HTTP/1.1
21:38:18,154 DEBUG MainClientExec:243 - Target auth state: UNCHALLENGED
21:38:18,154 DEBUG MainClientExec:249 - Proxy auth state: UNCHALLENGED
21:38:18,154 DEBUG headers:124 - http-outgoing-11 >> POST /session/ab6fc2d68ad89164310cb9400ae12254/element/0.013481153170094462-3/value HTTP/1.1
21:38:18,155 DEBUG headers:127 - http-outgoing-11 >> Content-Type: application/json; charset=utf-8
21:38:18,155 DEBUG headers:127 - http-outgoing-11 >> Content-Length: 52
21:38:18,156 DEBUG headers:127 - http-outgoing-11 >> Host: localhost:48351
21:38:18,156 DEBUG headers:127 - http-outgoing-11 >> Connection: Keep-Alive
21:38:18,156 DEBUG headers:127 - http-outgoing-11 >> User-Agent: Apache-HttpClient/4.3.6 (java 1.5)
21:38:18,157 DEBUG headers:127 - http-outgoing-11 >> Accept-Encoding: gzip,deflate
21:38:18,158 DEBUG wire:72 - http-outgoing-11 >> "POST /session/ab6fc2d68ad89164310cb9400ae12254/element/0.013481153170094462-3/value HTTP/1.1[\r][\n]"
21:38:18,158 DEBUG wire:72 - http-outgoing-11 >> "Content-Type: application/json; charset=utf-8[\r][\n]"
21:38:18,158 DEBUG wire:72 - http-outgoing-11 >> "Content-Length: 52[\r][\n]"
21:38:18,159 DEBUG wire:72 - http-outgoing-11 >> "Host: localhost:48351[\r][\n]"
21:38:18,159 DEBUG wire:72 - http-outgoing-11 >> "Connection: Keep-Alive[\r][\n]"
21:38:18,160 DEBUG wire:72 - http-outgoing-11 >> "User-Agent: Apache-HttpClient/4.3.6 (java 1.5)[\r][\n]"
21:38:18,160 DEBUG wire:72 - http-outgoing-11 >> "Accept-Encoding: gzip,deflate[\r][\n]"
21:38:18,161 DEBUG wire:72 - http-outgoing-11 >> "[\r][\n]"
21:38:18,161 DEBUG wire:86 - http-outgoing-11 >> "{"id":"0.013481153170094462-3","value":["ganesh47"]}"
21:38:18,373 DEBUG wire:72 - http-outgoing-11 << "HTTP/1.1 200 OK[\r][\n]"
21:38:18,374 DEBUG wire:72 - http-outgoing-11 << "Content-Length:72[\r][\n]"
21:38:18,374 DEBUG wire:72 - http-outgoing-11 << "Content-Type:application/json; charset=utf-8[\r][\n]"
21:38:18,375 DEBUG wire:72 - http-outgoing-11 << "Connection:close[\r][\n]"
21:38:18,375 DEBUG wire:72 - http-outgoing-11 << "[\r][\n]"
21:38:18,376 DEBUG wire:86 - http-outgoing-11 << "{"sessionId":"ab6fc2d68ad89164310cb9400ae12254","status":0,"value":null}"
21:38:18,376 DEBUG headers:113 - http-outgoing-11 << HTTP/1.1 200 OK
21:38:18,377 DEBUG headers:116 - http-outgoing-11 << Content-Length:72
21:38:18,377 DEBUG headers:116 - http-outgoing-11 << Content-Type:application/json; charset=utf-8
21:38:18,377 DEBUG headers:116 - http-outgoing-11 << Connection:close
21:38:18,378 DEBUG DefaultManagedHttpClientConnection:87 - http-outgoing-11: Shutdown connection
21:38:18,379 DEBUG MainClientExec:126 - Connection discarded
21:38:18,379 DEBUG DefaultManagedHttpClientConnection:79 - http-outgoing-11: Close connection
21:38:18,379 DEBUG PoolingHttpClientConnectionManager:287 - Connection released: [id: 11][route: {}->http://localhost:48351][total kept alive: 0; route allocated: 0 of 2000; total allocated: 0 of 2000]
21:38:18,381 DEBUG RequestAddCookies:122 - CookieSpec selected: best-match
21:38:18,382 DEBUG RequestAuthCache:75 - Auth cache not set in the context
21:38:18,382 DEBUG PoolingHttpClientConnectionManager:219 - Connection request: [route: {}->http://localhost:48351][total kept alive: 0; route allocated: 0 of 2000; total allocated: 0 of 2000]
21:38:18,383 DEBUG PoolingHttpClientConnectionManager:250 - Connection leased: [id: 12][route: {}->http://localhost:48351][total kept alive: 0; route allocated: 1 of 2000; total allocated: 1 of 2000]
21:38:18,383 DEBUG MainClientExec:217 - Opening connection {}->http://localhost:48351
21:38:18,383 DEBUG HttpClientConnectionOperator:122 - Connecting to localhost/127.0.0.1:48351
21:38:18,388 DEBUG HttpClientConnectionOperator:129 - Connection established 127.0.0.1:52493<->127.0.0.1:48351
21:38:18,388 DEBUG MainClientExec:238 - Executing request POST /session/ab6fc2d68ad89164310cb9400ae12254/element HTTP/1.1
21:38:18,388 DEBUG MainClientExec:243 - Target auth state: UNCHALLENGED
21:38:18,389 DEBUG MainClientExec:249 - Proxy auth state: UNCHALLENGED
21:38:18,389 DEBUG headers:124 - http-outgoing-12 >> POST /session/ab6fc2d68ad89164310cb9400ae12254/element HTTP/1.1
21:38:18,389 DEBUG headers:127 - http-outgoing-12 >> Content-Type: application/json; charset=utf-8
21:38:18,390 DEBUG headers:127 - http-outgoing-12 >> Content-Length: 63
21:38:18,390 DEBUG headers:127 - http-outgoing-12 >> Host: localhost:48351
21:38:18,391 DEBUG headers:127 - http-outgoing-12 >> Connection: Keep-Alive
21:38:18,391 DEBUG headers:127 - http-outgoing-12 >> User-Agent: Apache-HttpClient/4.3.6 (java 1.5)
21:38:18,391 DEBUG headers:127 - http-outgoing-12 >> Accept-Encoding: gzip,deflate
21:38:18,392 DEBUG wire:72 - http-outgoing-12 >> "POST /session/ab6fc2d68ad89164310cb9400ae12254/element HTTP/1.1[\r][\n]"
21:38:18,392 DEBUG wire:72 - http-outgoing-12 >> "Content-Type: application/json; charset=utf-8[\r][\n]"
21:38:18,393 DEBUG wire:72 - http-outgoing-12 >> "Content-Length: 63[\r][\n]"
21:38:18,393 DEBUG wire:72 - http-outgoing-12 >> "Host: localhost:48351[\r][\n]"
21:38:18,394 DEBUG wire:72 - http-outgoing-12 >> "Connection: Keep-Alive[\r][\n]"
21:38:18,394 DEBUG wire:72 - http-outgoing-12 >> "User-Agent: Apache-HttpClient/4.3.6 (java 1.5)[\r][\n]"
21:38:18,394 DEBUG wire:72 - http-outgoing-12 >> "Accept-Encoding: gzip,deflate[\r][\n]"
21:38:18,395 DEBUG wire:72 - http-outgoing-12 >> "[\r][\n]"
21:38:18,395 DEBUG wire:86 - http-outgoing-12 >> "{"using":"css selector","value":"#passwordNext \u003e content"}"
21:38:18,441 DEBUG wire:72 - http-outgoing-12 << "HTTP/1.1 200 OK[\r][\n]"
21:38:18,442 DEBUG wire:72 - http-outgoing-12 << "Content-Length:104[\r][\n]"
21:38:18,443 DEBUG wire:72 - http-outgoing-12 << "Content-Type:application/json; charset=utf-8[\r][\n]"
21:38:18,443 DEBUG wire:72 - http-outgoing-12 << "Connection:close[\r][\n]"
21:38:18,444 DEBUG wire:72 - http-outgoing-12 << "[\r][\n]"
21:38:18,444 DEBUG wire:86 - http-outgoing-12 << "{"sessionId":"ab6fc2d68ad89164310cb9400ae12254","status":0,"value":{"ELEMENT":"0.013481153170094462-4"}}"
21:38:18,444 DEBUG headers:113 - http-outgoing-12 << HTTP/1.1 200 OK
21:38:18,445 DEBUG headers:116 - http-outgoing-12 << Content-Length:104
21:38:18,445 DEBUG headers:116 - http-outgoing-12 << Content-Type:application/json; charset=utf-8
21:38:18,446 DEBUG headers:116 - http-outgoing-12 << Connection:close
21:38:18,446 DEBUG DefaultManagedHttpClientConnection:87 - http-outgoing-12: Shutdown connection
21:38:18,447 DEBUG MainClientExec:126 - Connection discarded
21:38:18,447 DEBUG DefaultManagedHttpClientConnection:79 - http-outgoing-12: Close connection
21:38:18,447 DEBUG PoolingHttpClientConnectionManager:287 - Connection released: [id: 12][route: {}->http://localhost:48351][total kept alive: 0; route allocated: 0 of 2000; total allocated: 0 of 2000]
21:38:18,449 DEBUG RequestAddCookies:122 - CookieSpec selected: best-match
21:38:18,450 DEBUG RequestAuthCache:75 - Auth cache not set in the context
21:38:18,450 DEBUG PoolingHttpClientConnectionManager:219 - Connection request: [route: {}->http://localhost:48351][total kept alive: 0; route allocated: 0 of 2000; total allocated: 0 of 2000]
21:38:18,450 DEBUG PoolingHttpClientConnectionManager:250 - Connection leased: [id: 13][route: {}->http://localhost:48351][total kept alive: 0; route allocated: 1 of 2000; total allocated: 1 of 2000]
21:38:18,451 DEBUG MainClientExec:217 - Opening connection {}->http://localhost:48351
21:38:18,451 DEBUG HttpClientConnectionOperator:122 - Connecting to localhost/127.0.0.1:48351
21:38:18,452 DEBUG HttpClientConnectionOperator:129 - Connection established 127.0.0.1:52494<->127.0.0.1:48351
21:38:18,453 DEBUG MainClientExec:238 - Executing request POST /session/ab6fc2d68ad89164310cb9400ae12254/element/0.013481153170094462-4/click HTTP/1.1
21:38:18,453 DEBUG MainClientExec:243 - Target auth state: UNCHALLENGED
21:38:18,453 DEBUG MainClientExec:249 - Proxy auth state: UNCHALLENGED
21:38:18,454 DEBUG headers:124 - http-outgoing-13 >> POST /session/ab6fc2d68ad89164310cb9400ae12254/element/0.013481153170094462-4/click HTTP/1.1
21:38:18,454 DEBUG headers:127 - http-outgoing-13 >> Content-Type: application/json; charset=utf-8
21:38:18,454 DEBUG headers:127 - http-outgoing-13 >> Content-Length: 31
21:38:18,455 DEBUG headers:127 - http-outgoing-13 >> Host: localhost:48351
21:38:18,455 DEBUG headers:127 - http-outgoing-13 >> Connection: Keep-Alive
21:38:18,456 DEBUG headers:127 - http-outgoing-13 >> User-Agent: Apache-HttpClient/4.3.6 (java 1.5)
21:38:18,456 DEBUG headers:127 - http-outgoing-13 >> Accept-Encoding: gzip,deflate
21:38:18,456 DEBUG wire:72 - http-outgoing-13 >> "POST /session/ab6fc2d68ad89164310cb9400ae12254/element/0.013481153170094462-4/click HTTP/1.1[\r][\n]"
21:38:18,457 DEBUG wire:72 - http-outgoing-13 >> "Content-Type: application/json; charset=utf-8[\r][\n]"
21:38:18,457 DEBUG wire:72 - http-outgoing-13 >> "Content-Length: 31[\r][\n]"
21:38:18,457 DEBUG wire:72 - http-outgoing-13 >> "Host: localhost:48351[\r][\n]"
21:38:18,458 DEBUG wire:72 - http-outgoing-13 >> "Connection: Keep-Alive[\r][\n]"
21:38:18,458 DEBUG wire:72 - http-outgoing-13 >> "User-Agent: Apache-HttpClient/4.3.6 (java 1.5)[\r][\n]"
21:38:18,459 DEBUG wire:72 - http-outgoing-13 >> "Accept-Encoding: gzip,deflate[\r][\n]"
21:38:18,459 DEBUG wire:72 - http-outgoing-13 >> "[\r][\n]"
21:38:18,460 DEBUG wire:86 - http-outgoing-13 >> "{"id":"0.013481153170094462-4"}"
21:38:18,664 DEBUG wire:72 - http-outgoing-13 << "HTTP/1.1 200 OK[\r][\n]"
21:38:18,664 DEBUG wire:72 - http-outgoing-13 << "Content-Length:72[\r][\n]"
21:38:18,665 DEBUG wire:72 - http-outgoing-13 << "Content-Type:application/json; charset=utf-8[\r][\n]"
21:38:18,665 DEBUG wire:72 - http-outgoing-13 << "Connection:close[\r][\n]"
21:38:18,666 DEBUG wire:72 - http-outgoing-13 << "[\r][\n]"
21:38:18,666 DEBUG wire:86 - http-outgoing-13 << "{"sessionId":"ab6fc2d68ad89164310cb9400ae12254","status":0,"value":null}"
21:38:18,667 DEBUG headers:113 - http-outgoing-13 << HTTP/1.1 200 OK
21:38:18,667 DEBUG headers:116 - http-outgoing-13 << Content-Length:72
21:38:18,667 DEBUG headers:116 - http-outgoing-13 << Content-Type:application/json; charset=utf-8
21:38:18,668 DEBUG headers:116 - http-outgoing-13 << Connection:close
21:38:18,668 DEBUG DefaultManagedHttpClientConnection:87 - http-outgoing-13: Shutdown connection
21:38:18,669 DEBUG MainClientExec:126 - Connection discarded
21:38:18,669 DEBUG DefaultManagedHttpClientConnection:79 - http-outgoing-13: Close connection
21:38:18,670 DEBUG PoolingHttpClientConnectionManager:287 - Connection released: [id: 13][route: {}->http://localhost:48351][total kept alive: 0; route allocated: 0 of 2000; total allocated: 0 of 2000]
21:38:18,676 DEBUG RequestAddCookies:122 - CookieSpec selected: best-match
21:38:18,676 DEBUG RequestAuthCache:75 - Auth cache not set in the context
21:38:18,677 DEBUG PoolingHttpClientConnectionManager:219 - Connection request: [route: {}->http://localhost:48351][total kept alive: 0; route allocated: 0 of 2000; total allocated: 0 of 2000]
21:38:18,677 DEBUG PoolingHttpClientConnectionManager:250 - Connection leased: [id: 14][route: {}->http://localhost:48351][total kept alive: 0; route allocated: 1 of 2000; total allocated: 1 of 2000]
21:38:18,677 DEBUG MainClientExec:217 - Opening connection {}->http://localhost:48351
21:38:18,678 DEBUG HttpClientConnectionOperator:122 - Connecting to localhost/127.0.0.1:48351
21:38:18,679 DEBUG HttpClientConnectionOperator:129 - Connection established 127.0.0.1:52495<->127.0.0.1:48351
21:38:18,679 DEBUG MainClientExec:238 - Executing request POST /session/ab6fc2d68ad89164310cb9400ae12254/element HTTP/1.1
21:38:18,680 DEBUG MainClientExec:243 - Target auth state: UNCHALLENGED
21:38:18,680 DEBUG MainClientExec:249 - Proxy auth state: UNCHALLENGED
21:38:18,681 DEBUG headers:124 - http-outgoing-14 >> POST /session/ab6fc2d68ad89164310cb9400ae12254/element HTTP/1.1
21:38:18,682 DEBUG headers:127 - http-outgoing-14 >> Content-Type: application/json; charset=utf-8
21:38:18,682 DEBUG headers:127 - http-outgoing-14 >> Content-Length: 116
21:38:18,682 DEBUG headers:127 - http-outgoing-14 >> Host: localhost:48351
21:38:18,682 DEBUG headers:127 - http-outgoing-14 >> Connection: Keep-Alive
21:38:18,683 DEBUG headers:127 - http-outgoing-14 >> User-Agent: Apache-HttpClient/4.3.6 (java 1.5)
21:38:18,683 DEBUG headers:127 - http-outgoing-14 >> Accept-Encoding: gzip,deflate
21:38:18,684 DEBUG wire:72 - http-outgoing-14 >> "POST /session/ab6fc2d68ad89164310cb9400ae12254/element HTTP/1.1[\r][\n]"
21:38:18,684 DEBUG wire:72 - http-outgoing-14 >> "Content-Type: application/json; charset=utf-8[\r][\n]"
21:38:18,685 DEBUG wire:72 - http-outgoing-14 >> "Content-Length: 116[\r][\n]"
21:38:18,685 DEBUG wire:72 - http-outgoing-14 >> "Host: localhost:48351[\r][\n]"
21:38:18,685 DEBUG wire:72 - http-outgoing-14 >> "Connection: Keep-Alive[\r][\n]"
21:38:18,686 DEBUG wire:72 - http-outgoing-14 >> "User-Agent: Apache-HttpClient/4.3.6 (java 1.5)[\r][\n]"
21:38:18,686 DEBUG wire:72 - http-outgoing-14 >> "Accept-Encoding: gzip,deflate[\r][\n]"
21:38:18,686 DEBUG wire:72 - http-outgoing-14 >> "[\r][\n]"
21:38:18,687 DEBUG wire:86 - http-outgoing-14 >> "{"using":"xpath","value":"//*[contains(@id,\u0027:\u0027)]/div/div[2]/span/a[1][@title\u003d\u0027Sent Mail\u0027]"}"
21:38:25,497 DEBUG wire:72 - http-outgoing-14 << "HTTP/1.1 200 OK[\r][\n]"
21:38:25,498 DEBUG wire:72 - http-outgoing-14 << "Content-Length:103[\r][\n]"
21:38:25,499 DEBUG wire:72 - http-outgoing-14 << "Content-Type:application/json; charset=utf-8[\r][\n]"
21:38:25,499 DEBUG wire:72 - http-outgoing-14 << "Connection:close[\r][\n]"
21:38:25,500 DEBUG wire:72 - http-outgoing-14 << "[\r][\n]"
21:38:25,500 DEBUG wire:86 - http-outgoing-14 << "{"sessionId":"ab6fc2d68ad89164310cb9400ae12254","status":0,"value":{"ELEMENT":"0.01274813314916301-1"}}"
21:38:25,501 DEBUG headers:113 - http-outgoing-14 << HTTP/1.1 200 OK
21:38:25,502 DEBUG headers:116 - http-outgoing-14 << Content-Length:103
21:38:25,502 DEBUG headers:116 - http-outgoing-14 << Content-Type:application/json; charset=utf-8
21:38:25,503 DEBUG headers:116 - http-outgoing-14 << Connection:close
21:38:25,504 DEBUG DefaultManagedHttpClientConnection:87 - http-outgoing-14: Shutdown connection
21:38:25,505 DEBUG MainClientExec:126 - Connection discarded
21:38:25,506 DEBUG DefaultManagedHttpClientConnection:79 - http-outgoing-14: Close connection
21:38:25,506 DEBUG PoolingHttpClientConnectionManager:287 - Connection released: [id: 14][route: {}->http://localhost:48351][total kept alive: 0; route allocated: 0 of 2000; total allocated: 0 of 2000]
21:38:25,510 DEBUG RequestAddCookies:122 - CookieSpec selected: best-match
21:38:25,511 DEBUG RequestAuthCache:75 - Auth cache not set in the context
21:38:25,512 DEBUG PoolingHttpClientConnectionManager:219 - Connection request: [route: {}->http://localhost:48351][total kept alive: 0; route allocated: 0 of 2000; total allocated: 0 of 2000]
21:38:25,512 DEBUG PoolingHttpClientConnectionManager:250 - Connection leased: [id: 15][route: {}->http://localhost:48351][total kept alive: 0; route allocated: 1 of 2000; total allocated: 1 of 2000]
21:38:25,513 DEBUG MainClientExec:217 - Opening connection {}->http://localhost:48351
21:38:25,514 DEBUG HttpClientConnectionOperator:122 - Connecting to localhost/127.0.0.1:48351
21:38:25,515 DEBUG HttpClientConnectionOperator:129 - Connection established 127.0.0.1:52514<->127.0.0.1:48351
21:38:25,516 DEBUG MainClientExec:238 - Executing request POST /session/ab6fc2d68ad89164310cb9400ae12254/element/0.01274813314916301-1/click HTTP/1.1
21:38:25,517 DEBUG MainClientExec:243 - Target auth state: UNCHALLENGED
21:38:25,517 DEBUG MainClientExec:249 - Proxy auth state: UNCHALLENGED
21:38:25,518 DEBUG headers:124 - http-outgoing-15 >> POST /session/ab6fc2d68ad89164310cb9400ae12254/element/0.01274813314916301-1/click HTTP/1.1
21:38:25,518 DEBUG headers:127 - http-outgoing-15 >> Content-Type: application/json; charset=utf-8
21:38:25,519 DEBUG headers:127 - http-outgoing-15 >> Content-Length: 30
21:38:25,519 DEBUG headers:127 - http-outgoing-15 >> Host: localhost:48351
21:38:25,520 DEBUG headers:127 - http-outgoing-15 >> Connection: Keep-Alive
21:38:25,520 DEBUG headers:127 - http-outgoing-15 >> User-Agent: Apache-HttpClient/4.3.6 (java 1.5)
21:38:25,521 DEBUG headers:127 - http-outgoing-15 >> Accept-Encoding: gzip,deflate
21:38:25,521 DEBUG wire:72 - http-outgoing-15 >> "POST /session/ab6fc2d68ad89164310cb9400ae12254/element/0.01274813314916301-1/click HTTP/1.1[\r][\n]"
21:38:25,522 DEBUG wire:72 - http-outgoing-15 >> "Content-Type: application/json; charset=utf-8[\r][\n]"
21:38:25,523 DEBUG wire:72 - http-outgoing-15 >> "Content-Length: 30[\r][\n]"
21:38:25,523 DEBUG wire:72 - http-outgoing-15 >> "Host: localhost:48351[\r][\n]"
21:38:25,524 DEBUG wire:72 - http-outgoing-15 >> "Connection: Keep-Alive[\r][\n]"
21:38:25,524 DEBUG wire:72 - http-outgoing-15 >> "User-Agent: Apache-HttpClient/4.3.6 (java 1.5)[\r][\n]"
21:38:25,525 DEBUG wire:72 - http-outgoing-15 >> "Accept-Encoding: gzip,deflate[\r][\n]"
21:38:25,525 DEBUG wire:72 - http-outgoing-15 >> "[\r][\n]"
21:38:25,526 DEBUG wire:86 - http-outgoing-15 >> "{"id":"0.01274813314916301-1"}"
21:38:25,733 DEBUG wire:72 - http-outgoing-15 << "HTTP/1.1 200 OK[\r][\n]"
21:38:25,734 DEBUG wire:72 - http-outgoing-15 << "Content-Length:72[\r][\n]"
21:38:25,734 DEBUG wire:72 - http-outgoing-15 << "Content-Type:application/json; charset=utf-8[\r][\n]"
21:38:25,735 DEBUG wire:72 - http-outgoing-15 << "Connection:close[\r][\n]"
21:38:25,735 DEBUG wire:72 - http-outgoing-15 << "[\r][\n]"
21:38:25,736 DEBUG wire:86 - http-outgoing-15 << "{"sessionId":"ab6fc2d68ad89164310cb9400ae12254","status":0,"value":null}"
21:38:25,736 DEBUG headers:113 - http-outgoing-15 << HTTP/1.1 200 OK
21:38:25,740 DEBUG headers:116 - http-outgoing-15 << Content-Length:72
21:38:25,740 DEBUG headers:116 - http-outgoing-15 << Content-Type:application/json; charset=utf-8
21:38:25,742 DEBUG headers:116 - http-outgoing-15 << Connection:close
21:38:25,742 DEBUG DefaultManagedHttpClientConnection:87 - http-outgoing-15: Shutdown connection
21:38:25,743 DEBUG MainClientExec:126 - Connection discarded
21:38:25,743 DEBUG DefaultManagedHttpClientConnection:79 - http-outgoing-15: Close connection
21:38:25,743 DEBUG PoolingHttpClientConnectionManager:287 - Connection released: [id: 15][route: {}->http://localhost:48351][total kept alive: 0; route allocated: 0 of 2000; total allocated: 0 of 2000]
