16:34:55,979 DEBUG devpinoyLogger:52 - Loding Config File Succesfully
16:34:55,984 DEBUG devpinoyLogger:56 - Loading Object File Succesfully
16:34:57,457 DEBUG devpinoyLogger:62 - Loading Excel File
16:35:01,340 DEBUG RequestAddCookies:122 - CookieSpec selected: best-match
16:35:01,360 DEBUG RequestAuthCache:75 - Auth cache not set in the context
16:35:01,363 DEBUG PoolingHttpClientConnectionManager:219 - Connection request: [route: {}->http://localhost:47357][total kept alive: 0; route allocated: 0 of 2000; total allocated: 0 of 2000]
16:35:01,386 DEBUG PoolingHttpClientConnectionManager:250 - Connection leased: [id: 0][route: {}->http://localhost:47357][total kept alive: 0; route allocated: 1 of 2000; total allocated: 1 of 2000]
16:35:01,389 DEBUG MainClientExec:217 - Opening connection {}->http://localhost:47357
16:35:01,391 DEBUG HttpClientConnectionOperator:122 - Connecting to localhost/127.0.0.1:47357
16:35:01,393 DEBUG HttpClientConnectionOperator:129 - Connection established 127.0.0.1:54405<->127.0.0.1:47357
16:35:01,394 DEBUG MainClientExec:238 - Executing request POST /session HTTP/1.1
16:35:01,394 DEBUG MainClientExec:243 - Target auth state: UNCHALLENGED
16:35:01,396 DEBUG MainClientExec:249 - Proxy auth state: UNCHALLENGED
16:35:01,399 DEBUG headers:124 - http-outgoing-0 >> POST /session HTTP/1.1
16:35:01,400 DEBUG headers:127 - http-outgoing-0 >> Content-Type: application/json; charset=utf-8
16:35:01,400 DEBUG headers:127 - http-outgoing-0 >> Content-Length: 122
16:35:01,401 DEBUG headers:127 - http-outgoing-0 >> Host: localhost:47357
16:35:01,401 DEBUG headers:127 - http-outgoing-0 >> Connection: Keep-Alive
16:35:01,402 DEBUG headers:127 - http-outgoing-0 >> User-Agent: Apache-HttpClient/4.3.6 (java 1.5)
16:35:01,402 DEBUG headers:127 - http-outgoing-0 >> Accept-Encoding: gzip,deflate
16:35:01,403 DEBUG wire:72 - http-outgoing-0 >> "POST /session HTTP/1.1[\r][\n]"
16:35:01,404 DEBUG wire:72 - http-outgoing-0 >> "Content-Type: application/json; charset=utf-8[\r][\n]"
16:35:01,405 DEBUG wire:72 - http-outgoing-0 >> "Content-Length: 122[\r][\n]"
16:35:01,405 DEBUG wire:72 - http-outgoing-0 >> "Host: localhost:47357[\r][\n]"
16:35:01,406 DEBUG wire:72 - http-outgoing-0 >> "Connection: Keep-Alive[\r][\n]"
16:35:01,407 DEBUG wire:72 - http-outgoing-0 >> "User-Agent: Apache-HttpClient/4.3.6 (java 1.5)[\r][\n]"
16:35:01,407 DEBUG wire:72 - http-outgoing-0 >> "Accept-Encoding: gzip,deflate[\r][\n]"
16:35:01,408 DEBUG wire:72 - http-outgoing-0 >> "[\r][\n]"
16:35:01,408 DEBUG wire:86 - http-outgoing-0 >> "{"desiredCapabilities":{"browserName":"chrome","chromeOptions":{"args":[],"extensions":[]},"version":"","platform":"ANY"}}"
16:35:10,924 DEBUG wire:72 - http-outgoing-0 << "HTTP/1.1 200 OK[\r][\n]"
16:35:10,925 DEBUG wire:72 - http-outgoing-0 << "Content-Length:750[\r][\n]"
16:35:10,925 DEBUG wire:72 - http-outgoing-0 << "Content-Type:application/json; charset=utf-8[\r][\n]"
16:35:10,925 DEBUG wire:72 - http-outgoing-0 << "Connection:close[\r][\n]"
16:35:10,926 DEBUG wire:72 - http-outgoing-0 << "[\r][\n]"
16:35:10,926 DEBUG wire:86 - http-outgoing-0 << "{"sessionId":"2349da5d5bde25db3b2a726711bcf670","status":0,"value":{"acceptSslCerts":true,"applicationCacheEnabled":false,"browserConnectionEnabled":false,"browserName":"chrome","chrome":{"chromedriverVersion":"2.25.426923 (0390b88869384d6eb0d5d09729679f934aab9eed)","userDataDir":"C:\\Users\\Ganesh\\AppData\\Local\\Temp\\scoped_dir7576_22141"},"cssSelectorsEnabled":true,"databaseEnabled":false,"handlesAlerts":true,"hasTouchScreen":false,"javascriptEnabled":true,"locationContextEnabled":true,"mobileEmulationEnabled":false,"nativeEvents":true,"networkConnectionEnabled":false,"pageLoadStrategy":"normal","platform":"Windows NT","rotatable":false,"takesHeapSnapshot":true,"takesScreenshot":true,"version":"60.0.3112.113","webStorageEnabled":true}}"
16:35:10,932 DEBUG headers:113 - http-outgoing-0 << HTTP/1.1 200 OK
16:35:10,933 DEBUG headers:116 - http-outgoing-0 << Content-Length:750
16:35:10,933 DEBUG headers:116 - http-outgoing-0 << Content-Type:application/json; charset=utf-8
16:35:10,934 DEBUG headers:116 - http-outgoing-0 << Connection:close
16:35:10,949 DEBUG DefaultManagedHttpClientConnection:87 - http-outgoing-0: Shutdown connection
16:35:10,950 DEBUG MainClientExec:126 - Connection discarded
16:35:10,951 DEBUG DefaultManagedHttpClientConnection:79 - http-outgoing-0: Close connection
16:35:10,951 DEBUG PoolingHttpClientConnectionManager:287 - Connection released: [id: 0][route: {}->http://localhost:47357][total kept alive: 0; route allocated: 0 of 2000; total allocated: 0 of 2000]
16:35:10,971 DEBUG RequestAddCookies:122 - CookieSpec selected: best-match
16:35:10,972 DEBUG RequestAuthCache:75 - Auth cache not set in the context
16:35:10,972 DEBUG PoolingHttpClientConnectionManager:219 - Connection request: [route: {}->http://localhost:47357][total kept alive: 0; route allocated: 0 of 2000; total allocated: 0 of 2000]
16:35:10,972 DEBUG PoolingHttpClientConnectionManager:250 - Connection leased: [id: 1][route: {}->http://localhost:47357][total kept alive: 0; route allocated: 1 of 2000; total allocated: 1 of 2000]
16:35:10,973 DEBUG MainClientExec:217 - Opening connection {}->http://localhost:47357
16:35:10,982 DEBUG HttpClientConnectionOperator:122 - Connecting to localhost/127.0.0.1:47357
16:35:10,984 DEBUG HttpClientConnectionOperator:129 - Connection established 127.0.0.1:54424<->127.0.0.1:47357
16:35:10,984 DEBUG MainClientExec:238 - Executing request POST /session/2349da5d5bde25db3b2a726711bcf670/window/current/maximize HTTP/1.1
16:35:10,985 DEBUG MainClientExec:243 - Target auth state: UNCHALLENGED
16:35:10,985 DEBUG MainClientExec:249 - Proxy auth state: UNCHALLENGED
16:35:10,986 DEBUG headers:124 - http-outgoing-1 >> POST /session/2349da5d5bde25db3b2a726711bcf670/window/current/maximize HTTP/1.1
16:35:10,987 DEBUG headers:127 - http-outgoing-1 >> Content-Type: application/json; charset=utf-8
16:35:10,987 DEBUG headers:127 - http-outgoing-1 >> Content-Length: 26
16:35:10,987 DEBUG headers:127 - http-outgoing-1 >> Host: localhost:47357
16:35:10,988 DEBUG headers:127 - http-outgoing-1 >> Connection: Keep-Alive
16:35:10,988 DEBUG headers:127 - http-outgoing-1 >> User-Agent: Apache-HttpClient/4.3.6 (java 1.5)
16:35:10,989 DEBUG headers:127 - http-outgoing-1 >> Accept-Encoding: gzip,deflate
16:35:10,989 DEBUG wire:72 - http-outgoing-1 >> "POST /session/2349da5d5bde25db3b2a726711bcf670/window/current/maximize HTTP/1.1[\r][\n]"
16:35:10,990 DEBUG wire:72 - http-outgoing-1 >> "Content-Type: application/json; charset=utf-8[\r][\n]"
16:35:10,990 DEBUG wire:72 - http-outgoing-1 >> "Content-Length: 26[\r][\n]"
16:35:10,991 DEBUG wire:72 - http-outgoing-1 >> "Host: localhost:47357[\r][\n]"
16:35:10,991 DEBUG wire:72 - http-outgoing-1 >> "Connection: Keep-Alive[\r][\n]"
16:35:10,992 DEBUG wire:72 - http-outgoing-1 >> "User-Agent: Apache-HttpClient/4.3.6 (java 1.5)[\r][\n]"
16:35:10,993 DEBUG wire:72 - http-outgoing-1 >> "Accept-Encoding: gzip,deflate[\r][\n]"
16:35:10,993 DEBUG wire:72 - http-outgoing-1 >> "[\r][\n]"
16:35:10,994 DEBUG wire:86 - http-outgoing-1 >> "{"windowHandle":"current"}"
16:35:21,015 DEBUG wire:72 - http-outgoing-1 << "HTTP/1.1 200 OK[\r][\n]"
16:35:21,016 DEBUG wire:72 - http-outgoing-1 << "Content-Length:422[\r][\n]"
16:35:21,016 DEBUG wire:72 - http-outgoing-1 << "Content-Type:application/json; charset=utf-8[\r][\n]"
16:35:21,016 DEBUG wire:72 - http-outgoing-1 << "Connection:close[\r][\n]"
16:35:21,017 DEBUG wire:72 - http-outgoing-1 << "[\r][\n]"
16:35:21,017 DEBUG wire:86 - http-outgoing-1 << "{"sessionId":"2349da5d5bde25db3b2a726711bcf670","status":13,"value":{"message":"unknown error: cannot get automation extension\nfrom unknown error: page could not be found: chrome-extension://aapnijgdinlhnhlmodcfapnahmbfebeb/_generated_background_page.html\n  (Session info: chrome=60.0.3112.113)\n  (Driver info: chromedriver=2.25.426923 (0390b88869384d6eb0d5d09729679f934aab9eed),platform=Windows NT 6.1.7601 SP1 x86)"}}"
16:35:21,017 DEBUG headers:113 - http-outgoing-1 << HTTP/1.1 200 OK
16:35:21,018 DEBUG headers:116 - http-outgoing-1 << Content-Length:422
16:35:21,018 DEBUG headers:116 - http-outgoing-1 << Content-Type:application/json; charset=utf-8
16:35:21,018 DEBUG headers:116 - http-outgoing-1 << Connection:close
16:35:21,019 DEBUG DefaultManagedHttpClientConnection:87 - http-outgoing-1: Shutdown connection
16:35:21,019 DEBUG MainClientExec:126 - Connection discarded
16:35:21,020 DEBUG DefaultManagedHttpClientConnection:79 - http-outgoing-1: Close connection
16:35:21,020 DEBUG PoolingHttpClientConnectionManager:287 - Connection released: [id: 1][route: {}->http://localhost:47357][total kept alive: 0; route allocated: 0 of 2000; total allocated: 0 of 2000]
